<?xml version="1.0" encoding="UTF-8"?>
<testsuite xmlns:xsi="http://www.w3.org/2001/XMLSchema-instance" xsi:noNamespaceSchemaLocation="https://maven.apache.org/surefire/maven-surefire-plugin/xsd/surefire-test-report-3.0.xsd" version="3.0" name="TaskFlow_api.TaskFlow_api.repository.EtiquetaRepositoryTest" time="17.308" tests="3" errors="0" skipped="0" failures="0">
  <properties>
[...]
</properties>
  <testcase name="naoDeveriaRetornarEtiquetaComNomeErrado" classname="TaskFlow_api.TaskFlow_api.repository.EtiquetaRepositoryTest" time="1.472">
    <system-out><![CDATA[2024-09-19T13:48:21.209-03:00  INFO 17864 --- [TaskFlow-api] [           main] t.c.s.AnnotationConfigContextLoaderUtils : Could not detect default configuration classes for test class [TaskFlow_api.TaskFlow_api.repository.EtiquetaRepositoryTest]: EtiquetaRepositoryTest does not declare any static, non-private, non-final, nested classes annotated with @Configuration.
2024-09-19T13:48:21.259-03:00  INFO 17864 --- [TaskFlow-api] [           main] .b.t.c.SpringBootTestContextBootstrapper : Found @SpringBootConfiguration TaskFlow_api.TaskFlow_api.TaskFlowApiApplication for test class TaskFlow_api.TaskFlow_api.repository.EtiquetaRepositoryTest
2024-09-19T13:48:21.264-03:00  INFO 17864 --- [TaskFlow-api] [           main] o.s.b.d.r.RestartApplicationListener     : Restart disabled due to context in which it is running

  .   ____          _            __ _ _
 /\\ / ___'_ __ _ _(_)_ __  __ _ \ \ \ \
( ( )\___ | '_ | '_| | '_ \/ _` | \ \ \ \
 \\/  ___)| |_)| | | | | || (_| |  ) ) ) )
  '  |____| .__|_| |_|_| |_\__, | / / / /
 =========|_|==============|___/=/_/_/_/

 :: Spring Boot ::                (v3.3.3)

2024-09-19T13:48:21.307-03:00  INFO 17864 --- [TaskFlow-api] [           main] T.T.repository.EtiquetaRepositoryTest    : Starting EtiquetaRepositoryTest using Java 21.0.4 with PID 17864 (started by bruno.tfonseca in C:\Users\bruno.tfonseca\Desktop\TaskFlow\TaskFlow-api)
2024-09-19T13:48:21.308-03:00  INFO 17864 --- [TaskFlow-api] [           main] T.T.repository.EtiquetaRepositoryTest    : The following 1 profile is active: "test"
2024-09-19T13:48:21.615-03:00  INFO 17864 --- [TaskFlow-api] [           main] .s.d.r.c.RepositoryConfigurationDelegate : Bootstrapping Spring Data JPA repositories in DEFAULT mode.
2024-09-19T13:48:21.695-03:00  INFO 17864 --- [TaskFlow-api] [           main] .s.d.r.c.RepositoryConfigurationDelegate : Finished Spring Data repository scanning in 65 ms. Found 3 JPA repository interfaces.
2024-09-19T13:48:22.319-03:00  INFO 17864 --- [TaskFlow-api] [           main] com.zaxxer.hikari.HikariDataSource       : HikariPool-1 - Starting...
2024-09-19T13:48:24.992-03:00  INFO 17864 --- [TaskFlow-api] [           main] com.zaxxer.hikari.pool.HikariPool        : HikariPool-1 - Added connection com.mysql.cj.jdbc.ConnectionImpl@40ebb56
2024-09-19T13:48:24.996-03:00  INFO 17864 --- [TaskFlow-api] [           main] com.zaxxer.hikari.HikariDataSource       : HikariPool-1 - Start completed.
2024-09-19T13:48:25.781-03:00  INFO 17864 --- [TaskFlow-api] [           main] org.flywaydb.core.FlywayExecutor         : Database: jdbc:mysql://bz4acytwvkaiu4heywpc-mysql.services.clever-cloud.com/bz4acytwvkaiu4heywpc (MySQL 8.0)
2024-09-19T13:48:28.634-03:00  INFO 17864 --- [TaskFlow-api] [           main] o.f.core.internal.command.DbValidate     : Successfully validated 7 migrations (execution time 00:01.116s)
2024-09-19T13:48:30.636-03:00  INFO 17864 --- [TaskFlow-api] [           main] o.f.core.internal.command.DbMigrate      : Current version of schema `bz4acytwvkaiu4heywpc`: 7
2024-09-19T13:48:30.816-03:00  INFO 17864 --- [TaskFlow-api] [           main] o.f.core.internal.command.DbMigrate      : Schema `bz4acytwvkaiu4heywpc` is up to date. No migration necessary.
2024-09-19T13:48:32.075-03:00  INFO 17864 --- [TaskFlow-api] [           main] o.hibernate.jpa.internal.util.LogHelper  : HHH000204: Processing PersistenceUnitInfo [name: default]
2024-09-19T13:48:32.157-03:00  INFO 17864 --- [TaskFlow-api] [           main] org.hibernate.Version                    : HHH000412: Hibernate ORM core version 6.5.2.Final
2024-09-19T13:48:32.202-03:00  INFO 17864 --- [TaskFlow-api] [           main] o.h.c.internal.RegionFactoryInitiator    : HHH000026: Second-level cache disabled
2024-09-19T13:48:32.424-03:00  INFO 17864 --- [TaskFlow-api] [           main] o.s.o.j.p.SpringPersistenceUnitInfo      : No LoadTimeWeaver setup: ignoring JPA class transformer
2024-09-19T13:48:33.756-03:00  INFO 17864 --- [TaskFlow-api] [           main] o.h.e.t.j.p.i.JtaPlatformInitiator       : HHH000489: No JTA platform available (set 'hibernate.transaction.jta.platform' to enable JTA platform integration)
2024-09-19T13:48:33.760-03:00  INFO 17864 --- [TaskFlow-api] [           main] j.LocalContainerEntityManagerFactoryBean : Initialized JPA EntityManagerFactory for persistence unit 'default'
2024-09-19T13:48:34.161-03:00  INFO 17864 --- [TaskFlow-api] [           main] o.s.d.j.r.query.QueryEnhancerFactory     : Hibernate is in classpath; If applicable, HQL parser will be used.
2024-09-19T13:48:34.857-03:00  INFO 17864 --- [TaskFlow-api] [           main] T.T.repository.EtiquetaRepositoryTest    : Started EtiquetaRepositoryTest in 13.593 seconds (process running for 23.126)
Hibernate: insert into usuario (data_nascimento,email,img_perfil,nome_completo,tema_escuro) values (?,?,?,?,?)
Hibernate: insert into etiqueta (cor,nome,id_usuario) values (?,?,?)
Hibernate: select e1_0.id,e1_0.cor,e1_0.nome,e1_0.id_usuario from etiqueta e1_0 join usuario u1_0 on u1_0.id=e1_0.id_usuario where e1_0.nome like replace(concat('%',?,'%'),'\\','\\\\') and u1_0.email=?
]]></system-out>
  </testcase>
  <testcase name="deveriaRetornarEtiquetaComNomeEEmailDoUsuarioCorretos" classname="TaskFlow_api.TaskFlow_api.repository.EtiquetaRepositoryTest" time="1.085">
    <system-out><![CDATA[Hibernate: insert into usuario (data_nascimento,email,img_perfil,nome_completo,tema_escuro) values (?,?,?,?,?)
Hibernate: insert into etiqueta (cor,nome,id_usuario) values (?,?,?)
Hibernate: select e1_0.id,e1_0.cor,e1_0.nome,e1_0.id_usuario from etiqueta e1_0 join usuario u1_0 on u1_0.id=e1_0.id_usuario where e1_0.nome like replace(concat('%',?,'%'),'\\','\\\\') and u1_0.email=?
]]></system-out>
  </testcase>
  <testcase name="naoDeveriaRetornarEtiquetaComEmailDoUsuarioIncorreto" classname="TaskFlow_api.TaskFlow_api.repository.EtiquetaRepositoryTest" time="1.087">
    <system-out><![CDATA[Hibernate: insert into usuario (data_nascimento,email,img_perfil,nome_completo,tema_escuro) values (?,?,?,?,?)
Hibernate: insert into etiqueta (cor,nome,id_usuario) values (?,?,?)
Hibernate: select e1_0.id,e1_0.cor,e1_0.nome,e1_0.id_usuario from etiqueta e1_0 join usuario u1_0 on u1_0.id=e1_0.id_usuario where e1_0.nome like replace(concat('%',?,'%'),'\\','\\\\') and u1_0.email=?
]]></system-out>
  </testcase>
</testsuite>