<?xml version="1.0" encoding="UTF-8"?>
<testsuite xmlns:xsi="http://www.w3.org/2001/XMLSchema-instance" xsi:noNamespaceSchemaLocation="https://maven.apache.org/surefire/maven-surefire-plugin/xsd/surefire-test-report-3.0.xsd" version="3.0" name="TaskFlow_api.TaskFlow_api.TaskFlowApiApplicationTests" time="19.499" tests="1" errors="0" skipped="0" failures="0">
  <properties>
[...]
</properties>
  <testcase name="contextLoads" classname="TaskFlow_api.TaskFlow_api.TaskFlowApiApplicationTests" time="0.327">
    <system-out><![CDATA[20:31:33.555 [main] INFO org.springframework.test.context.support.AnnotationConfigContextLoaderUtils -- Could not detect default configuration classes for test class [TaskFlow_api.TaskFlow_api.TaskFlowApiApplicationTests]: TaskFlowApiApplicationTests does not declare any static, non-private, non-final, nested classes annotated with @Configuration.
20:31:33.651 [main] INFO org.springframework.boot.test.context.SpringBootTestContextBootstrapper -- Found @SpringBootConfiguration TaskFlow_api.TaskFlow_api.TaskFlowApiApplication for test class TaskFlow_api.TaskFlow_api.TaskFlowApiApplicationTests
20:31:33.768 [main] INFO org.springframework.boot.devtools.restart.RestartApplicationListener -- Restart disabled due to context in which it is running

  .   ____          _            __ _ _
 /\\ / ___'_ __ _ _(_)_ __  __ _ \ \ \ \
( ( )\___ | '_ | '_| | '_ \/ _` | \ \ \ \
 \\/  ___)| |_)| | | | | || (_| |  ) ) ) )
  '  |____| .__|_| |_|_| |_\__, | / / / /
 =========|_|==============|___/=/_/_/_/

 :: Spring Boot ::                (v3.3.3)

2025-05-08T20:31:34.018-03:00  INFO 18824 --- [TaskFlow-api] [           main] T.T.TaskFlowApiApplicationTests          : Starting TaskFlowApiApplicationTests using Java 23.0.1 with PID 18824 (started by bruno in C:\Projetos\TaskFlow\TaskFlow-api)
2025-05-08T20:31:34.019-03:00  INFO 18824 --- [TaskFlow-api] [           main] T.T.TaskFlowApiApplicationTests          : No active profile set, falling back to 1 default profile: "default"
2025-05-08T20:31:34.867-03:00  INFO 18824 --- [TaskFlow-api] [           main] .s.d.r.c.RepositoryConfigurationDelegate : Bootstrapping Spring Data JPA repositories in DEFAULT mode.
2025-05-08T20:31:34.924-03:00  INFO 18824 --- [TaskFlow-api] [           main] .s.d.r.c.RepositoryConfigurationDelegate : Finished Spring Data repository scanning in 50 ms. Found 5 JPA repository interfaces.
2025-05-08T20:31:35.789-03:00  INFO 18824 --- [TaskFlow-api] [           main] com.zaxxer.hikari.HikariDataSource       : HikariPool-1 - Starting...
2025-05-08T20:31:39.153-03:00  INFO 18824 --- [TaskFlow-api] [           main] com.zaxxer.hikari.pool.HikariPool        : HikariPool-1 - Added connection com.mysql.cj.jdbc.ConnectionImpl@49889154
2025-05-08T20:31:39.154-03:00  INFO 18824 --- [TaskFlow-api] [           main] com.zaxxer.hikari.HikariDataSource       : HikariPool-1 - Start completed.
2025-05-08T20:31:40.153-03:00  INFO 18824 --- [TaskFlow-api] [           main] org.flywaydb.core.FlywayExecutor         : Database: jdbc:mysql://bz4acytwvkaiu4heywpc-mysql.services.clever-cloud.com/bz4acytwvkaiu4heywpc (MySQL 8.0)
2025-05-08T20:31:43.906-03:00  INFO 18824 --- [TaskFlow-api] [           main] o.f.core.internal.command.DbValidate     : Successfully validated 21 migrations (execution time 00:01.520s)
2025-05-08T20:31:46.789-03:00  INFO 18824 --- [TaskFlow-api] [           main] o.f.core.internal.command.DbMigrate      : Current version of schema `bz4acytwvkaiu4heywpc`: 21
2025-05-08T20:31:47.037-03:00  INFO 18824 --- [TaskFlow-api] [           main] o.f.core.internal.command.DbMigrate      : Schema `bz4acytwvkaiu4heywpc` is up to date. No migration necessary.
2025-05-08T20:31:48.532-03:00  INFO 18824 --- [TaskFlow-api] [           main] o.hibernate.jpa.internal.util.LogHelper  : HHH000204: Processing PersistenceUnitInfo [name: default]
2025-05-08T20:31:48.590-03:00  INFO 18824 --- [TaskFlow-api] [           main] org.hibernate.Version                    : HHH000412: Hibernate ORM core version 6.5.2.Final
2025-05-08T20:31:48.626-03:00  INFO 18824 --- [TaskFlow-api] [           main] o.h.c.internal.RegionFactoryInitiator    : HHH000026: Second-level cache disabled
2025-05-08T20:31:48.680-03:00 DEBUG 18824 --- [TaskFlow-api] [           main] org.hibernate.type.BasicTypeRegistry     : Adding type registration boolean -> org.hibernate.type.BasicTypeReference@46994f26
2025-05-08T20:31:48.680-03:00 DEBUG 18824 --- [TaskFlow-api] [           main] org.hibernate.type.BasicTypeRegistry     : Adding type registration boolean -> org.hibernate.type.BasicTypeReference@46994f26
2025-05-08T20:31:48.681-03:00 DEBUG 18824 --- [TaskFlow-api] [           main] org.hibernate.type.BasicTypeRegistry     : Adding type registration java.lang.Boolean -> org.hibernate.type.BasicTypeReference@46994f26
2025-05-08T20:31:48.681-03:00 DEBUG 18824 --- [TaskFlow-api] [           main] org.hibernate.type.BasicTypeRegistry     : Adding type registration numeric_boolean -> org.hibernate.type.BasicTypeReference@1bb172dd
2025-05-08T20:31:48.681-03:00 DEBUG 18824 --- [TaskFlow-api] [           main] org.hibernate.type.BasicTypeRegistry     : Adding type registration org.hibernate.type.NumericBooleanConverter -> org.hibernate.type.BasicTypeReference@1bb172dd
2025-05-08T20:31:48.681-03:00 DEBUG 18824 --- [TaskFlow-api] [           main] org.hibernate.type.BasicTypeRegistry     : Adding type registration true_false -> org.hibernate.type.BasicTypeReference@1cdd31a4
2025-05-08T20:31:48.681-03:00 DEBUG 18824 --- [TaskFlow-api] [           main] org.hibernate.type.BasicTypeRegistry     : Adding type registration org.hibernate.type.TrueFalseConverter -> org.hibernate.type.BasicTypeReference@1cdd31a4
2025-05-08T20:31:48.681-03:00 DEBUG 18824 --- [TaskFlow-api] [           main] org.hibernate.type.BasicTypeRegistry     : Adding type registration yes_no -> org.hibernate.type.BasicTypeReference@7dddfc35
2025-05-08T20:31:48.681-03:00 DEBUG 18824 --- [TaskFlow-api] [           main] org.hibernate.type.BasicTypeRegistry     : Adding type registration org.hibernate.type.YesNoConverter -> org.hibernate.type.BasicTypeReference@7dddfc35
2025-05-08T20:31:48.681-03:00 DEBUG 18824 --- [TaskFlow-api] [           main] org.hibernate.type.BasicTypeRegistry     : Adding type registration byte -> org.hibernate.type.BasicTypeReference@71316cd7
2025-05-08T20:31:48.681-03:00 DEBUG 18824 --- [TaskFlow-api] [           main] org.hibernate.type.BasicTypeRegistry     : Adding type registration byte -> org.hibernate.type.BasicTypeReference@71316cd7
2025-05-08T20:31:48.681-03:00 DEBUG 18824 --- [TaskFlow-api] [           main] org.hibernate.type.BasicTypeRegistry     : Adding type registration java.lang.Byte -> org.hibernate.type.BasicTypeReference@71316cd7
2025-05-08T20:31:48.682-03:00 DEBUG 18824 --- [TaskFlow-api] [           main] org.hibernate.type.BasicTypeRegistry     : Adding type registration binary -> org.hibernate.type.BasicTypeReference@6106dfb6
2025-05-08T20:31:48.682-03:00 DEBUG 18824 --- [TaskFlow-api] [           main] org.hibernate.type.BasicTypeRegistry     : Adding type registration byte[] -> org.hibernate.type.BasicTypeReference@6106dfb6
2025-05-08T20:31:48.682-03:00 DEBUG 18824 --- [TaskFlow-api] [           main] org.hibernate.type.BasicTypeRegistry     : Adding type registration [B -> org.hibernate.type.BasicTypeReference@6106dfb6
2025-05-08T20:31:48.682-03:00 DEBUG 18824 --- [TaskFlow-api] [           main] org.hibernate.type.BasicTypeRegistry     : Adding type registration binary_wrapper -> org.hibernate.type.BasicTypeReference@14239223
2025-05-08T20:31:48.682-03:00 DEBUG 18824 --- [TaskFlow-api] [           main] org.hibernate.type.BasicTypeRegistry     : Adding type registration wrapper-binary -> org.hibernate.type.BasicTypeReference@14239223
2025-05-08T20:31:48.682-03:00 DEBUG 18824 --- [TaskFlow-api] [           main] org.hibernate.type.BasicTypeRegistry     : Adding type registration image -> org.hibernate.type.BasicTypeReference@68df8c6
2025-05-08T20:31:48.682-03:00 DEBUG 18824 --- [TaskFlow-api] [           main] org.hibernate.type.BasicTypeRegistry     : Adding type registration blob -> org.hibernate.type.BasicTypeReference@7c206b14
2025-05-08T20:31:48.682-03:00 DEBUG 18824 --- [TaskFlow-api] [           main] org.hibernate.type.BasicTypeRegistry     : Adding type registration java.sql.Blob -> org.hibernate.type.BasicTypeReference@7c206b14
2025-05-08T20:31:48.682-03:00 DEBUG 18824 --- [TaskFlow-api] [           main] org.hibernate.type.BasicTypeRegistry     : Adding type registration materialized_blob -> org.hibernate.type.BasicTypeReference@2b8cf049
2025-05-08T20:31:48.682-03:00 DEBUG 18824 --- [TaskFlow-api] [           main] org.hibernate.type.BasicTypeRegistry     : Adding type registration materialized_blob_wrapper -> org.hibernate.type.BasicTypeReference@2336cd91
2025-05-08T20:31:48.682-03:00 DEBUG 18824 --- [TaskFlow-api] [           main] org.hibernate.type.BasicTypeRegistry     : Adding type registration short -> org.hibernate.type.BasicTypeReference@4a944af9
2025-05-08T20:31:48.682-03:00 DEBUG 18824 --- [TaskFlow-api] [           main] org.hibernate.type.BasicTypeRegistry     : Adding type registration short -> org.hibernate.type.BasicTypeReference@4a944af9
2025-05-08T20:31:48.682-03:00 DEBUG 18824 --- [TaskFlow-api] [           main] org.hibernate.type.BasicTypeRegistry     : Adding type registration java.lang.Short -> org.hibernate.type.BasicTypeReference@4a944af9
2025-05-08T20:31:48.683-03:00 DEBUG 18824 --- [TaskFlow-api] [           main] org.hibernate.type.BasicTypeRegistry     : Adding type registration integer -> org.hibernate.type.BasicTypeReference@3593e074
2025-05-08T20:31:48.683-03:00 DEBUG 18824 --- [TaskFlow-api] [           main] org.hibernate.type.BasicTypeRegistry     : Adding type registration int -> org.hibernate.type.BasicTypeReference@3593e074
2025-05-08T20:31:48.683-03:00 DEBUG 18824 --- [TaskFlow-api] [           main] org.hibernate.type.BasicTypeRegistry     : Adding type registration java.lang.Integer -> org.hibernate.type.BasicTypeReference@3593e074
2025-05-08T20:31:48.683-03:00 DEBUG 18824 --- [TaskFlow-api] [           main] org.hibernate.type.BasicTypeRegistry     : Adding type registration long -> org.hibernate.type.BasicTypeReference@79d14037
2025-05-08T20:31:48.683-03:00 DEBUG 18824 --- [TaskFlow-api] [           main] org.hibernate.type.BasicTypeRegistry     : Adding type registration long -> org.hibernate.type.BasicTypeReference@79d14037
2025-05-08T20:31:48.683-03:00 DEBUG 18824 --- [TaskFlow-api] [           main] org.hibernate.type.BasicTypeRegistry     : Adding type registration java.lang.Long -> org.hibernate.type.BasicTypeReference@79d14037
2025-05-08T20:31:48.683-03:00 DEBUG 18824 --- [TaskFlow-api] [           main] org.hibernate.type.BasicTypeRegistry     : Adding type registration float -> org.hibernate.type.BasicTypeReference@6c1e40d9
2025-05-08T20:31:48.683-03:00 DEBUG 18824 --- [TaskFlow-api] [           main] org.hibernate.type.BasicTypeRegistry     : Adding type registration float -> org.hibernate.type.BasicTypeReference@6c1e40d9
2025-05-08T20:31:48.683-03:00 DEBUG 18824 --- [TaskFlow-api] [           main] org.hibernate.type.BasicTypeRegistry     : Adding type registration java.lang.Float -> org.hibernate.type.BasicTypeReference@6c1e40d9
2025-05-08T20:31:48.683-03:00 DEBUG 18824 --- [TaskFlow-api] [           main] org.hibernate.type.BasicTypeRegistry     : Adding type registration double -> org.hibernate.type.BasicTypeReference@4b50c21
2025-05-08T20:31:48.683-03:00 DEBUG 18824 --- [TaskFlow-api] [           main] org.hibernate.type.BasicTypeRegistry     : Adding type registration double -> org.hibernate.type.BasicTypeReference@4b50c21
2025-05-08T20:31:48.684-03:00 DEBUG 18824 --- [TaskFlow-api] [           main] org.hibernate.type.BasicTypeRegistry     : Adding type registration java.lang.Double -> org.hibernate.type.BasicTypeReference@4b50c21
2025-05-08T20:31:48.684-03:00 DEBUG 18824 --- [TaskFlow-api] [           main] org.hibernate.type.BasicTypeRegistry     : Adding type registration big_integer -> org.hibernate.type.BasicTypeReference@2e0fdc83
2025-05-08T20:31:48.684-03:00 DEBUG 18824 --- [TaskFlow-api] [           main] org.hibernate.type.BasicTypeRegistry     : Adding type registration java.math.BigInteger -> org.hibernate.type.BasicTypeReference@2e0fdc83
2025-05-08T20:31:48.684-03:00 DEBUG 18824 --- [TaskFlow-api] [           main] org.hibernate.type.BasicTypeRegistry     : Adding type registration big_decimal -> org.hibernate.type.BasicTypeReference@5dacf18d
2025-05-08T20:31:48.684-03:00 DEBUG 18824 --- [TaskFlow-api] [           main] org.hibernate.type.BasicTypeRegistry     : Adding type registration java.math.BigDecimal -> org.hibernate.type.BasicTypeReference@5dacf18d
2025-05-08T20:31:48.684-03:00 DEBUG 18824 --- [TaskFlow-api] [           main] org.hibernate.type.BasicTypeRegistry     : Adding type registration character -> org.hibernate.type.BasicTypeReference@432a6a69
2025-05-08T20:31:48.684-03:00 DEBUG 18824 --- [TaskFlow-api] [           main] org.hibernate.type.BasicTypeRegistry     : Adding type registration char -> org.hibernate.type.BasicTypeReference@432a6a69
2025-05-08T20:31:48.684-03:00 DEBUG 18824 --- [TaskFlow-api] [           main] org.hibernate.type.BasicTypeRegistry     : Adding type registration java.lang.Character -> org.hibernate.type.BasicTypeReference@432a6a69
2025-05-08T20:31:48.684-03:00 DEBUG 18824 --- [TaskFlow-api] [           main] org.hibernate.type.BasicTypeRegistry     : Adding type registration character_nchar -> org.hibernate.type.BasicTypeReference@6f52a229
2025-05-08T20:31:48.684-03:00 DEBUG 18824 --- [TaskFlow-api] [           main] org.hibernate.type.BasicTypeRegistry     : Adding type registration string -> org.hibernate.type.BasicTypeReference@3fe98084
2025-05-08T20:31:48.684-03:00 DEBUG 18824 --- [TaskFlow-api] [           main] org.hibernate.type.BasicTypeRegistry     : Adding type registration java.lang.String -> org.hibernate.type.BasicTypeReference@3fe98084
2025-05-08T20:31:48.684-03:00 DEBUG 18824 --- [TaskFlow-api] [           main] org.hibernate.type.BasicTypeRegistry     : Adding type registration nstring -> org.hibernate.type.BasicTypeReference@5f33e6d
2025-05-08T20:31:48.685-03:00 DEBUG 18824 --- [TaskFlow-api] [           main] org.hibernate.type.BasicTypeRegistry     : Adding type registration characters -> org.hibernate.type.BasicTypeReference@151a6598
2025-05-08T20:31:48.685-03:00 DEBUG 18824 --- [TaskFlow-api] [           main] org.hibernate.type.BasicTypeRegistry     : Adding type registration char[] -> org.hibernate.type.BasicTypeReference@151a6598
2025-05-08T20:31:48.685-03:00 DEBUG 18824 --- [TaskFlow-api] [           main] org.hibernate.type.BasicTypeRegistry     : Adding type registration [C -> org.hibernate.type.BasicTypeReference@151a6598
2025-05-08T20:31:48.685-03:00 DEBUG 18824 --- [TaskFlow-api] [           main] org.hibernate.type.BasicTypeRegistry     : Adding type registration wrapper-characters -> org.hibernate.type.BasicTypeReference@6fa3def8
2025-05-08T20:31:48.685-03:00 DEBUG 18824 --- [TaskFlow-api] [           main] org.hibernate.type.BasicTypeRegistry     : Adding type registration text -> org.hibernate.type.BasicTypeReference@1c3d9e28
2025-05-08T20:31:48.685-03:00 DEBUG 18824 --- [TaskFlow-api] [           main] org.hibernate.type.BasicTypeRegistry     : Adding type registration ntext -> org.hibernate.type.BasicTypeReference@a1cb94
2025-05-08T20:31:48.685-03:00 DEBUG 18824 --- [TaskFlow-api] [           main] org.hibernate.type.BasicTypeRegistry     : Adding type registration clob -> org.hibernate.type.BasicTypeReference@46d148bd
2025-05-08T20:31:48.685-03:00 DEBUG 18824 --- [TaskFlow-api] [           main] org.hibernate.type.BasicTypeRegistry     : Adding type registration java.sql.Clob -> org.hibernate.type.BasicTypeReference@46d148bd
2025-05-08T20:31:48.685-03:00 DEBUG 18824 --- [TaskFlow-api] [           main] org.hibernate.type.BasicTypeRegistry     : Adding type registration nclob -> org.hibernate.type.BasicTypeReference@37f41a81
2025-05-08T20:31:48.685-03:00 DEBUG 18824 --- [TaskFlow-api] [           main] org.hibernate.type.BasicTypeRegistry     : Adding type registration java.sql.NClob -> org.hibernate.type.BasicTypeReference@37f41a81
2025-05-08T20:31:48.685-03:00 DEBUG 18824 --- [TaskFlow-api] [           main] org.hibernate.type.BasicTypeRegistry     : Adding type registration materialized_clob -> org.hibernate.type.BasicTypeReference@47c81e89
2025-05-08T20:31:48.685-03:00 DEBUG 18824 --- [TaskFlow-api] [           main] org.hibernate.type.BasicTypeRegistry     : Adding type registration materialized_clob_char_array -> org.hibernate.type.BasicTypeReference@49bb808f
2025-05-08T20:31:48.685-03:00 DEBUG 18824 --- [TaskFlow-api] [           main] org.hibernate.type.BasicTypeRegistry     : Adding type registration materialized_clob_character_array -> org.hibernate.type.BasicTypeReference@563ada5
2025-05-08T20:31:48.685-03:00 DEBUG 18824 --- [TaskFlow-api] [           main] org.hibernate.type.BasicTypeRegistry     : Adding type registration materialized_nclob -> org.hibernate.type.BasicTypeReference@12548f9a
2025-05-08T20:31:48.685-03:00 DEBUG 18824 --- [TaskFlow-api] [           main] org.hibernate.type.BasicTypeRegistry     : Adding type registration materialized_nclob_character_array -> org.hibernate.type.BasicTypeReference@156ff70f
2025-05-08T20:31:48.686-03:00 DEBUG 18824 --- [TaskFlow-api] [           main] org.hibernate.type.BasicTypeRegistry     : Adding type registration materialized_nclob_char_array -> org.hibernate.type.BasicTypeReference@c5a2d5
2025-05-08T20:31:48.686-03:00 DEBUG 18824 --- [TaskFlow-api] [           main] org.hibernate.type.BasicTypeRegistry     : Adding type registration Duration -> org.hibernate.type.BasicTypeReference@185339ed
2025-05-08T20:31:48.686-03:00 DEBUG 18824 --- [TaskFlow-api] [           main] org.hibernate.type.BasicTypeRegistry     : Adding type registration java.time.Duration -> org.hibernate.type.BasicTypeReference@185339ed
2025-05-08T20:31:48.686-03:00 DEBUG 18824 --- [TaskFlow-api] [           main] org.hibernate.type.BasicTypeRegistry     : Adding type registration LocalDateTime -> org.hibernate.type.BasicTypeReference@2e4d4d22
2025-05-08T20:31:48.686-03:00 DEBUG 18824 --- [TaskFlow-api] [           main] org.hibernate.type.BasicTypeRegistry     : Adding type registration java.time.LocalDateTime -> org.hibernate.type.BasicTypeReference@2e4d4d22
2025-05-08T20:31:48.686-03:00 DEBUG 18824 --- [TaskFlow-api] [           main] org.hibernate.type.BasicTypeRegistry     : Adding type registration LocalDate -> org.hibernate.type.BasicTypeReference@4470106b
2025-05-08T20:31:48.686-03:00 DEBUG 18824 --- [TaskFlow-api] [           main] org.hibernate.type.BasicTypeRegistry     : Adding type registration java.time.LocalDate -> org.hibernate.type.BasicTypeReference@4470106b
2025-05-08T20:31:48.686-03:00 DEBUG 18824 --- [TaskFlow-api] [           main] org.hibernate.type.BasicTypeRegistry     : Adding type registration LocalTime -> org.hibernate.type.BasicTypeReference@690ed13a
2025-05-08T20:31:48.686-03:00 DEBUG 18824 --- [TaskFlow-api] [           main] org.hibernate.type.BasicTypeRegistry     : Adding type registration java.time.LocalTime -> org.hibernate.type.BasicTypeReference@690ed13a
2025-05-08T20:31:48.686-03:00 DEBUG 18824 --- [TaskFlow-api] [           main] org.hibernate.type.BasicTypeRegistry     : Adding type registration OffsetDateTime -> org.hibernate.type.BasicTypeReference@681311a7
2025-05-08T20:31:48.686-03:00 DEBUG 18824 --- [TaskFlow-api] [           main] org.hibernate.type.BasicTypeRegistry     : Adding type registration java.time.OffsetDateTime -> org.hibernate.type.BasicTypeReference@681311a7
2025-05-08T20:31:48.686-03:00 DEBUG 18824 --- [TaskFlow-api] [           main] org.hibernate.type.BasicTypeRegistry     : Adding type registration OffsetDateTimeWithTimezone -> org.hibernate.type.BasicTypeReference@2c7375da
2025-05-08T20:31:48.686-03:00 DEBUG 18824 --- [TaskFlow-api] [           main] org.hibernate.type.BasicTypeRegistry     : Adding type registration OffsetDateTimeWithoutTimezone -> org.hibernate.type.BasicTypeReference@68c4db77
2025-05-08T20:31:48.686-03:00 DEBUG 18824 --- [TaskFlow-api] [           main] org.hibernate.type.BasicTypeRegistry     : Adding type registration OffsetTime -> org.hibernate.type.BasicTypeReference@775c4054
2025-05-08T20:31:48.686-03:00 DEBUG 18824 --- [TaskFlow-api] [           main] org.hibernate.type.BasicTypeRegistry     : Adding type registration java.time.OffsetTime -> org.hibernate.type.BasicTypeReference@775c4054
2025-05-08T20:31:48.686-03:00 DEBUG 18824 --- [TaskFlow-api] [           main] org.hibernate.type.BasicTypeRegistry     : Adding type registration OffsetTimeUtc -> org.hibernate.type.BasicTypeReference@7b2e931
2025-05-08T20:31:48.686-03:00 DEBUG 18824 --- [TaskFlow-api] [           main] org.hibernate.type.BasicTypeRegistry     : Adding type registration OffsetTimeWithTimezone -> org.hibernate.type.BasicTypeReference@305881b8
2025-05-08T20:31:48.686-03:00 DEBUG 18824 --- [TaskFlow-api] [           main] org.hibernate.type.BasicTypeRegistry     : Adding type registration OffsetTimeWithoutTimezone -> org.hibernate.type.BasicTypeReference@7e89eba7
2025-05-08T20:31:48.686-03:00 DEBUG 18824 --- [TaskFlow-api] [           main] org.hibernate.type.BasicTypeRegistry     : Adding type registration ZonedDateTime -> org.hibernate.type.BasicTypeReference@6bc25ac2
2025-05-08T20:31:48.686-03:00 DEBUG 18824 --- [TaskFlow-api] [           main] org.hibernate.type.BasicTypeRegistry     : Adding type registration java.time.ZonedDateTime -> org.hibernate.type.BasicTypeReference@6bc25ac2
2025-05-08T20:31:48.687-03:00 DEBUG 18824 --- [TaskFlow-api] [           main] org.hibernate.type.BasicTypeRegistry     : Adding type registration ZonedDateTimeWithTimezone -> org.hibernate.type.BasicTypeReference@7b29cdea
2025-05-08T20:31:48.687-03:00 DEBUG 18824 --- [TaskFlow-api] [           main] org.hibernate.type.BasicTypeRegistry     : Adding type registration ZonedDateTimeWithoutTimezone -> org.hibernate.type.BasicTypeReference@f08d676
2025-05-08T20:31:48.687-03:00 DEBUG 18824 --- [TaskFlow-api] [           main] org.hibernate.type.BasicTypeRegistry     : Adding type registration date -> org.hibernate.type.BasicTypeReference@3eedd0e3
2025-05-08T20:31:48.687-03:00 DEBUG 18824 --- [TaskFlow-api] [           main] org.hibernate.type.BasicTypeRegistry     : Adding type registration java.sql.Date -> org.hibernate.type.BasicTypeReference@3eedd0e3
2025-05-08T20:31:48.687-03:00 DEBUG 18824 --- [TaskFlow-api] [           main] org.hibernate.type.BasicTypeRegistry     : Adding type registration time -> org.hibernate.type.BasicTypeReference@478089b6
2025-05-08T20:31:48.687-03:00 DEBUG 18824 --- [TaskFlow-api] [           main] org.hibernate.type.BasicTypeRegistry     : Adding type registration java.sql.Time -> org.hibernate.type.BasicTypeReference@478089b6
2025-05-08T20:31:48.687-03:00 DEBUG 18824 --- [TaskFlow-api] [           main] org.hibernate.type.BasicTypeRegistry     : Adding type registration timestamp -> org.hibernate.type.BasicTypeReference@72f35a31
2025-05-08T20:31:48.687-03:00 DEBUG 18824 --- [TaskFlow-api] [           main] org.hibernate.type.BasicTypeRegistry     : Adding type registration java.sql.Timestamp -> org.hibernate.type.BasicTypeReference@72f35a31
2025-05-08T20:31:48.688-03:00 DEBUG 18824 --- [TaskFlow-api] [           main] org.hibernate.type.BasicTypeRegistry     : Adding type registration java.util.Date -> org.hibernate.type.BasicTypeReference@72f35a31
2025-05-08T20:31:48.688-03:00 DEBUG 18824 --- [TaskFlow-api] [           main] org.hibernate.type.BasicTypeRegistry     : Adding type registration calendar -> org.hibernate.type.BasicTypeReference@3b01897f
2025-05-08T20:31:48.688-03:00 DEBUG 18824 --- [TaskFlow-api] [           main] org.hibernate.type.BasicTypeRegistry     : Adding type registration java.util.Calendar -> org.hibernate.type.BasicTypeReference@3b01897f
2025-05-08T20:31:48.688-03:00 DEBUG 18824 --- [TaskFlow-api] [           main] org.hibernate.type.BasicTypeRegistry     : Adding type registration java.util.GregorianCalendar -> org.hibernate.type.BasicTypeReference@3b01897f
2025-05-08T20:31:48.688-03:00 DEBUG 18824 --- [TaskFlow-api] [           main] org.hibernate.type.BasicTypeRegistry     : Adding type registration calendar_date -> org.hibernate.type.BasicTypeReference@6b3b2c34
2025-05-08T20:31:48.688-03:00 DEBUG 18824 --- [TaskFlow-api] [           main] org.hibernate.type.BasicTypeRegistry     : Adding type registration calendar_time -> org.hibernate.type.BasicTypeReference@28b5d5dc
2025-05-08T20:31:48.688-03:00 DEBUG 18824 --- [TaskFlow-api] [           main] org.hibernate.type.BasicTypeRegistry     : Adding type registration instant -> org.hibernate.type.BasicTypeReference@407f2029
2025-05-08T20:31:48.688-03:00 DEBUG 18824 --- [TaskFlow-api] [           main] org.hibernate.type.BasicTypeRegistry     : Adding type registration java.time.Instant -> org.hibernate.type.BasicTypeReference@407f2029
2025-05-08T20:31:48.688-03:00 DEBUG 18824 --- [TaskFlow-api] [           main] org.hibernate.type.BasicTypeRegistry     : Adding type registration uuid -> org.hibernate.type.BasicTypeReference@77020328
2025-05-08T20:31:48.688-03:00 DEBUG 18824 --- [TaskFlow-api] [           main] org.hibernate.type.BasicTypeRegistry     : Adding type registration java.util.UUID -> org.hibernate.type.BasicTypeReference@77020328
2025-05-08T20:31:48.688-03:00 DEBUG 18824 --- [TaskFlow-api] [           main] org.hibernate.type.BasicTypeRegistry     : Adding type registration pg-uuid -> org.hibernate.type.BasicTypeReference@77020328
2025-05-08T20:31:48.688-03:00 DEBUG 18824 --- [TaskFlow-api] [           main] org.hibernate.type.BasicTypeRegistry     : Adding type registration uuid-binary -> org.hibernate.type.BasicTypeReference@45eacb70
2025-05-08T20:31:48.688-03:00 DEBUG 18824 --- [TaskFlow-api] [           main] org.hibernate.type.BasicTypeRegistry     : Adding type registration uuid-char -> org.hibernate.type.BasicTypeReference@4377ed24
2025-05-08T20:31:48.688-03:00 DEBUG 18824 --- [TaskFlow-api] [           main] org.hibernate.type.BasicTypeRegistry     : Adding type registration class -> org.hibernate.type.BasicTypeReference@7a30e30b
2025-05-08T20:31:48.688-03:00 DEBUG 18824 --- [TaskFlow-api] [           main] org.hibernate.type.BasicTypeRegistry     : Adding type registration java.lang.Class -> org.hibernate.type.BasicTypeReference@7a30e30b
2025-05-08T20:31:48.688-03:00 DEBUG 18824 --- [TaskFlow-api] [           main] org.hibernate.type.BasicTypeRegistry     : Adding type registration currency -> org.hibernate.type.BasicTypeReference@1dcca426
2025-05-08T20:31:48.688-03:00 DEBUG 18824 --- [TaskFlow-api] [           main] org.hibernate.type.BasicTypeRegistry     : Adding type registration Currency -> org.hibernate.type.BasicTypeReference@1dcca426
2025-05-08T20:31:48.689-03:00 DEBUG 18824 --- [TaskFlow-api] [           main] org.hibernate.type.BasicTypeRegistry     : Adding type registration java.util.Currency -> org.hibernate.type.BasicTypeReference@1dcca426
2025-05-08T20:31:48.689-03:00 DEBUG 18824 --- [TaskFlow-api] [           main] org.hibernate.type.BasicTypeRegistry     : Adding type registration locale -> org.hibernate.type.BasicTypeReference@e6e5da4
2025-05-08T20:31:48.689-03:00 DEBUG 18824 --- [TaskFlow-api] [           main] org.hibernate.type.BasicTypeRegistry     : Adding type registration java.util.Locale -> org.hibernate.type.BasicTypeReference@e6e5da4
2025-05-08T20:31:48.689-03:00 DEBUG 18824 --- [TaskFlow-api] [           main] org.hibernate.type.BasicTypeRegistry     : Adding type registration serializable -> org.hibernate.type.BasicTypeReference@720c8f80
2025-05-08T20:31:48.689-03:00 DEBUG 18824 --- [TaskFlow-api] [           main] org.hibernate.type.BasicTypeRegistry     : Adding type registration java.io.Serializable -> org.hibernate.type.BasicTypeReference@720c8f80
2025-05-08T20:31:48.689-03:00 DEBUG 18824 --- [TaskFlow-api] [           main] org.hibernate.type.BasicTypeRegistry     : Adding type registration timezone -> org.hibernate.type.BasicTypeReference@f591271
2025-05-08T20:31:48.689-03:00 DEBUG 18824 --- [TaskFlow-api] [           main] org.hibernate.type.BasicTypeRegistry     : Adding type registration java.util.TimeZone -> org.hibernate.type.BasicTypeReference@f591271
2025-05-08T20:31:48.690-03:00 DEBUG 18824 --- [TaskFlow-api] [           main] org.hibernate.type.BasicTypeRegistry     : Adding type registration ZoneOffset -> org.hibernate.type.BasicTypeReference@77cc6a28
2025-05-08T20:31:48.690-03:00 DEBUG 18824 --- [TaskFlow-api] [           main] org.hibernate.type.BasicTypeRegistry     : Adding type registration java.time.ZoneOffset -> org.hibernate.type.BasicTypeReference@77cc6a28
2025-05-08T20:31:48.690-03:00 DEBUG 18824 --- [TaskFlow-api] [           main] org.hibernate.type.BasicTypeRegistry     : Adding type registration url -> org.hibernate.type.BasicTypeReference@b339a08
2025-05-08T20:31:48.690-03:00 DEBUG 18824 --- [TaskFlow-api] [           main] org.hibernate.type.BasicTypeRegistry     : Adding type registration java.net.URL -> org.hibernate.type.BasicTypeReference@b339a08
2025-05-08T20:31:48.690-03:00 DEBUG 18824 --- [TaskFlow-api] [           main] org.hibernate.type.BasicTypeRegistry     : Adding type registration vector -> org.hibernate.type.BasicTypeReference@1d556461
2025-05-08T20:31:48.690-03:00 DEBUG 18824 --- [TaskFlow-api] [           main] org.hibernate.type.BasicTypeRegistry     : Adding type registration row_version -> org.hibernate.type.BasicTypeReference@5a583720
2025-05-08T20:31:48.694-03:00 DEBUG 18824 --- [TaskFlow-api] [           main] org.hibernate.type.BasicTypeRegistry     : Adding type registration object -> org.hibernate.type.JavaObjectType@76fc5687
2025-05-08T20:31:48.694-03:00 DEBUG 18824 --- [TaskFlow-api] [           main] org.hibernate.type.BasicTypeRegistry     : Adding type registration java.lang.Object -> org.hibernate.type.JavaObjectType@76fc5687
2025-05-08T20:31:48.696-03:00 DEBUG 18824 --- [TaskFlow-api] [           main] org.hibernate.type.BasicTypeRegistry     : Adding type registration null -> org.hibernate.type.NullType@4882b9a
2025-05-08T20:31:48.696-03:00 DEBUG 18824 --- [TaskFlow-api] [           main] org.hibernate.type.BasicTypeRegistry     : Adding type registration imm_date -> org.hibernate.type.BasicTypeReference@7ec508e6
2025-05-08T20:31:48.696-03:00 DEBUG 18824 --- [TaskFlow-api] [           main] org.hibernate.type.BasicTypeRegistry     : Adding type registration imm_time -> org.hibernate.type.BasicTypeReference@30e2016a
2025-05-08T20:31:48.696-03:00 DEBUG 18824 --- [TaskFlow-api] [           main] org.hibernate.type.BasicTypeRegistry     : Adding type registration imm_timestamp -> org.hibernate.type.BasicTypeReference@75f32817
2025-05-08T20:31:48.696-03:00 DEBUG 18824 --- [TaskFlow-api] [           main] org.hibernate.type.BasicTypeRegistry     : Adding type registration imm_calendar -> org.hibernate.type.BasicTypeReference@23a78c77
2025-05-08T20:31:48.697-03:00 DEBUG 18824 --- [TaskFlow-api] [           main] org.hibernate.type.BasicTypeRegistry     : Adding type registration imm_calendar_date -> org.hibernate.type.BasicTypeReference@4119346d
2025-05-08T20:31:48.697-03:00 DEBUG 18824 --- [TaskFlow-api] [           main] org.hibernate.type.BasicTypeRegistry     : Adding type registration imm_calendar_time -> org.hibernate.type.BasicTypeReference@61d09475
2025-05-08T20:31:48.697-03:00 DEBUG 18824 --- [TaskFlow-api] [           main] org.hibernate.type.BasicTypeRegistry     : Adding type registration imm_binary -> org.hibernate.type.BasicTypeReference@d0fabc8
2025-05-08T20:31:48.697-03:00 DEBUG 18824 --- [TaskFlow-api] [           main] org.hibernate.type.BasicTypeRegistry     : Adding type registration imm_serializable -> org.hibernate.type.BasicTypeReference@12d44a2a
2025-05-08T20:31:48.878-03:00  INFO 18824 --- [TaskFlow-api] [           main] o.s.o.j.p.SpringPersistenceUnitInfo      : No LoadTimeWeaver setup: ignoring JPA class transformer
2025-05-08T20:31:49.485-03:00 DEBUG 18824 --- [TaskFlow-api] [           main] o.h.t.d.sql.spi.DdlTypeRegistry          : addDescriptor(12, org.hibernate.type.descriptor.sql.internal.CapacityDependentDdlType@22f046b) replaced previous registration(org.hibernate.type.descriptor.sql.internal.CapacityDependentDdlType@215a329c)
2025-05-08T20:31:49.485-03:00 DEBUG 18824 --- [TaskFlow-api] [           main] o.h.t.d.sql.spi.DdlTypeRegistry          : addDescriptor(-9, org.hibernate.type.descriptor.sql.internal.CapacityDependentDdlType@20723ee) replaced previous registration(org.hibernate.type.descriptor.sql.internal.CapacityDependentDdlType@21c5c68a)
2025-05-08T20:31:49.485-03:00 DEBUG 18824 --- [TaskFlow-api] [           main] o.h.t.d.sql.spi.DdlTypeRegistry          : addDescriptor(-3, org.hibernate.type.descriptor.sql.internal.CapacityDependentDdlType@5bb39285) replaced previous registration(org.hibernate.type.descriptor.sql.internal.CapacityDependentDdlType@2b0d85bd)
2025-05-08T20:31:49.485-03:00 DEBUG 18824 --- [TaskFlow-api] [           main] o.h.t.d.sql.spi.DdlTypeRegistry          : addDescriptor(4003, org.hibernate.type.descriptor.sql.internal.DdlTypeImpl@102ecb61) replaced previous registration(org.hibernate.type.descriptor.sql.internal.DdlTypeImpl@1fd0ae78)
2025-05-08T20:31:49.485-03:00 DEBUG 18824 --- [TaskFlow-api] [           main] o.h.t.d.sql.spi.DdlTypeRegistry          : addDescriptor(4001, org.hibernate.type.descriptor.sql.internal.DdlTypeImpl@583030bd) replaced previous registration(org.hibernate.type.descriptor.sql.internal.DdlTypeImpl@1f57666b)
2025-05-08T20:31:49.485-03:00 DEBUG 18824 --- [TaskFlow-api] [           main] o.h.t.d.sql.spi.DdlTypeRegistry          : addDescriptor(4002, org.hibernate.type.descriptor.sql.internal.DdlTypeImpl@7944c323) replaced previous registration(org.hibernate.type.descriptor.sql.internal.DdlTypeImpl@637d111d)
2025-05-08T20:31:49.485-03:00 DEBUG 18824 --- [TaskFlow-api] [           main] o.h.t.d.sql.spi.DdlTypeRegistry          : addDescriptor(2004, org.hibernate.type.descriptor.sql.internal.CapacityDependentDdlType@3a917017) replaced previous registration(org.hibernate.type.descriptor.sql.internal.DdlTypeImpl@1ed12d10)
2025-05-08T20:31:49.485-03:00 DEBUG 18824 --- [TaskFlow-api] [           main] o.h.t.d.sql.spi.DdlTypeRegistry          : addDescriptor(2005, org.hibernate.type.descriptor.sql.internal.CapacityDependentDdlType@4153a832) replaced previous registration(org.hibernate.type.descriptor.sql.internal.DdlTypeImpl@4a2dbcfc)
2025-05-08T20:31:49.485-03:00 DEBUG 18824 --- [TaskFlow-api] [           main] o.h.t.d.sql.spi.DdlTypeRegistry          : addDescriptor(2011, org.hibernate.type.descriptor.sql.internal.CapacityDependentDdlType@7b8d6c66) replaced previous registration(org.hibernate.type.descriptor.sql.internal.DdlTypeImpl@6ca367aa)
2025-05-08T20:31:49.487-03:00 DEBUG 18824 --- [TaskFlow-api] [           main] o.h.t.d.jdbc.spi.JdbcTypeRegistry        : addDescriptor(NCharTypeDescriptor) replaced previous registration(CharTypeDescriptor)
2025-05-08T20:31:49.487-03:00 DEBUG 18824 --- [TaskFlow-api] [           main] o.h.t.d.jdbc.spi.JdbcTypeRegistry        : addDescriptor(NVarcharTypeDescriptor) replaced previous registration(VarcharTypeDescriptor)
2025-05-08T20:31:49.487-03:00 DEBUG 18824 --- [TaskFlow-api] [           main] o.h.t.d.jdbc.spi.JdbcTypeRegistry        : addDescriptor(LongNVarcharTypeDescriptor) replaced previous registration(LongVarcharTypeDescriptor)
2025-05-08T20:31:49.489-03:00 DEBUG 18824 --- [TaskFlow-api] [           main] o.h.t.d.jdbc.spi.JdbcTypeRegistry        : addDescriptor(NClobTypeDescriptor(DEFAULT)) replaced previous registration(ClobTypeDescriptor(DEFAULT))
2025-05-08T20:31:49.489-03:00 DEBUG 18824 --- [TaskFlow-api] [           main] o.h.t.d.jdbc.spi.JdbcTypeRegistry        : addDescriptor(2005, ClobTypeDescriptor(STREAM_BINDING)) replaced previous registration(ClobTypeDescriptor(DEFAULT))
2025-05-08T20:31:49.491-03:00 DEBUG 18824 --- [TaskFlow-api] [           main] org.hibernate.type.BasicTypeRegistry     : Adding type registration null -> org.hibernate.type.NullType@6f2a3b37
2025-05-08T20:31:49.491-03:00 DEBUG 18824 --- [TaskFlow-api] [           main] org.hibernate.type.BasicTypeRegistry     : Type registration key [null] overrode previous entry : `org.hibernate.type.NullType@4882b9a`
2025-05-08T20:31:49.493-03:00 DEBUG 18824 --- [TaskFlow-api] [           main] org.hibernate.type.BasicTypeRegistry     : Adding type registration org.hibernate.type.DurationType -> basicType@1(java.time.Duration,3015)
2025-05-08T20:31:49.493-03:00 DEBUG 18824 --- [TaskFlow-api] [           main] org.hibernate.type.BasicTypeRegistry     : Adding type registration Duration -> basicType@1(java.time.Duration,3015)
2025-05-08T20:31:49.493-03:00 DEBUG 18824 --- [TaskFlow-api] [           main] org.hibernate.type.BasicTypeRegistry     : Adding type registration java.time.Duration -> basicType@1(java.time.Duration,3015)
2025-05-08T20:31:49.495-03:00 DEBUG 18824 --- [TaskFlow-api] [           main] org.hibernate.type.BasicTypeRegistry     : Adding type registration org.hibernate.type.OffsetDateTimeType -> basicType@2(java.time.OffsetDateTime,3003)
2025-05-08T20:31:49.495-03:00 DEBUG 18824 --- [TaskFlow-api] [           main] org.hibernate.type.BasicTypeRegistry     : Adding type registration OffsetDateTime -> basicType@2(java.time.OffsetDateTime,3003)
2025-05-08T20:31:49.495-03:00 DEBUG 18824 --- [TaskFlow-api] [           main] org.hibernate.type.BasicTypeRegistry     : Adding type registration java.time.OffsetDateTime -> basicType@2(java.time.OffsetDateTime,3003)
2025-05-08T20:31:49.495-03:00 DEBUG 18824 --- [TaskFlow-api] [           main] org.hibernate.type.BasicTypeRegistry     : Adding type registration org.hibernate.type.ZonedDateTimeType -> basicType@3(java.time.ZonedDateTime,3003)
2025-05-08T20:31:49.495-03:00 DEBUG 18824 --- [TaskFlow-api] [           main] org.hibernate.type.BasicTypeRegistry     : Adding type registration ZonedDateTime -> basicType@3(java.time.ZonedDateTime,3003)
2025-05-08T20:31:49.495-03:00 DEBUG 18824 --- [TaskFlow-api] [           main] org.hibernate.type.BasicTypeRegistry     : Adding type registration java.time.ZonedDateTime -> basicType@3(java.time.ZonedDateTime,3003)
2025-05-08T20:31:49.495-03:00 DEBUG 18824 --- [TaskFlow-api] [           main] org.hibernate.type.BasicTypeRegistry     : Adding type registration org.hibernate.type.OffsetTimeType -> basicType@4(java.time.OffsetTime,3007)
2025-05-08T20:31:49.495-03:00 DEBUG 18824 --- [TaskFlow-api] [           main] org.hibernate.type.BasicTypeRegistry     : Adding type registration OffsetTime -> basicType@4(java.time.OffsetTime,3007)
2025-05-08T20:31:49.495-03:00 DEBUG 18824 --- [TaskFlow-api] [           main] org.hibernate.type.BasicTypeRegistry     : Adding type registration java.time.OffsetTime -> basicType@4(java.time.OffsetTime,3007)
2025-05-08T20:31:49.496-03:00 DEBUG 18824 --- [TaskFlow-api] [           main] o.h.type.spi.TypeConfiguration$Scope     : Scoping TypeConfiguration [org.hibernate.type.spi.TypeConfiguration@215c6ec0] to MetadataBuildingContext [org.hibernate.boot.internal.MetadataBuildingContextRootImpl@2b19b346]
2025-05-08T20:31:50.173-03:00  INFO 18824 --- [TaskFlow-api] [           main] o.h.e.t.j.p.i.JtaPlatformInitiator       : HHH000489: No JTA platform available (set 'hibernate.transaction.jta.platform' to enable JTA platform integration)
2025-05-08T20:31:50.174-03:00 DEBUG 18824 --- [TaskFlow-api] [           main] o.h.type.spi.TypeConfiguration$Scope     : Scoping TypeConfiguration [org.hibernate.type.spi.TypeConfiguration@215c6ec0] to SessionFactoryImplementor [org.hibernate.internal.SessionFactoryImpl@5e0602ff]
2025-05-08T20:31:50.176-03:00 TRACE 18824 --- [TaskFlow-api] [           main] o.h.type.spi.TypeConfiguration$Scope     : Handling #sessionFactoryCreated from [org.hibernate.internal.SessionFactoryImpl@5e0602ff] for TypeConfiguration
2025-05-08T20:31:50.177-03:00  INFO 18824 --- [TaskFlow-api] [           main] j.LocalContainerEntityManagerFactoryBean : Initialized JPA EntityManagerFactory for persistence unit 'default'
2025-05-08T20:31:50.588-03:00  INFO 18824 --- [TaskFlow-api] [           main] o.s.d.j.r.query.QueryEnhancerFactory     : Hibernate is in classpath; If applicable, HQL parser will be used.
2025-05-08T20:31:51.333-03:00  INFO 18824 --- [TaskFlow-api] [           main] r$InitializeUserDetailsManagerConfigurer : Global AuthenticationManager configured with UserDetailsService bean with name autenticacaoService
2025-05-08T20:31:51.535-03:00  WARN 18824 --- [TaskFlow-api] [           main] JpaBaseConfiguration$JpaWebConfiguration : spring.jpa.open-in-view is enabled by default. Therefore, database queries may be performed during view rendering. Explicitly configure spring.jpa.open-in-view to disable this warning
2025-05-08T20:31:51.915-03:00 DEBUG 18824 --- [TaskFlow-api] [           main] o.s.s.web.DefaultSecurityFilterChain     : Will secure any request with filters: DisableEncodeUrlFilter, WebAsyncManagerIntegrationFilter, SecurityContextHolderFilter, HeaderWriterFilter, LogoutFilter, JWTFilter, BasicAuthenticationFilter, RequestCacheAwareFilter, SecurityContextHolderAwareRequestFilter, AnonymousAuthenticationFilter, SessionManagementFilter, ExceptionTranslationFilter, AuthorizationFilter
2025-05-08T20:31:52.576-03:00  INFO 18824 --- [TaskFlow-api] [           main] T.T.TaskFlowApiApplicationTests          : Started TaskFlowApiApplicationTests in 18.82 seconds (process running for 19.628)
]]></system-out>
    <system-err><![CDATA[WARNING: A Java agent has been loaded dynamically (C:\Users\bruno\.m2\repository\net\bytebuddy\byte-buddy-agent\1.14.19\byte-buddy-agent-1.14.19.jar)
WARNING: If a serviceability tool is in use, please run with -XX:+EnableDynamicAgentLoading to hide this warning
WARNING: If a serviceability tool is not in use, please run with -Djdk.instrument.traceUsage for more information
WARNING: Dynamic loading of agents will be disallowed by default in a future release
]]></system-err>
  </testcase>
</testsuite>